[0mGET / [36m302 [0m17.322 ms - 92[0m
[0mGET / [36m302 [0m10.296 ms - 92[0m
[0mGET // [33m404 [0m6.664 ms - 140[0m
[0mGET /favicon.ico [33m404 [0m2.951 ms - 150[0m
[0mGET / [31m500 [0m16.834 ms - -[0m
[0mGET / [31m500 [0m18.288 ms - -[0m
[0mGET / [31m500 [0m5.180 ms - -[0m
[0mGET / [31m500 [0m2.418 ms - -[0m
[0mGET / [31m500 [0m2.437 ms - -[0m
[0mGET / [31m500 [0m4.327 ms - -[0m
[0mGET / [31m500 [0m11.102 ms - -[0m
[0mGET / [31m500 [0m13.641 ms - -[0m
[0mGET / [31m500 [0m15.267 ms - -[0m
[0mGET / [31m500 [0m16.822 ms - -[0m
[0mGET / [31m500 [0m4.315 ms - -[0m
[0mGET / [31m500 [0m13.637 ms - -[0m
[0mGET / [31m500 [0m19.264 ms - -[0m
[0mGET / [31m500 [0m22.769 ms - -[0m
[0mGET / [33m404 [0m15.961 ms - 303[0m
[0mGET / [33m404 [0m8.802 ms - 303[0m
[0mGET / [33m404 [0m12.968 ms - 299[0m
[0mGET / [31m500 [0m20.397 ms - -[0m
[0mGET / [33m404 [0m14.941 ms - 297[0m
[0mGET / [33m404 [0m14.180 ms - 299[0m
[0mGET / [33m404 [0m20.598 ms - 281[0m
[0mGET / [32m200 [0m62.977 ms - -[0m
[0mGET /bower_components/webcomponentsjs/webcomponents-loader.js [33m404 [0m4.446 ms - 195[0m
[0mGET /public/src/my-app.html [33m404 [0m1.935 ms - 161[0m
[0mGET /images/favicon.png [33m404 [0m1.208 ms - 157[0m
[0mGET /service-worker.js [33m404 [0m1.005 ms - 156[0m
[0mGET / [32m200 [0m18.125 ms - -[0m
[0mGET /bower_components/webcomponentsjs/webcomponents-loader.js [33m404 [0m8.229 ms - 195[0m
[0mGET /bower_components/polymer/polymer.html [33m404 [0m1.564 ms - 176[0m
[0mGET /bower_components/iron-localstorage/iron-localstorage.html [33m404 [0m1.226 ms - 196[0m
[0mGET /bower_components/e-app-login/e-login-page.html [33m404 [0m1.031 ms - 185[0m
[0mGET /bower_components/e-styles/e-font.html [33m404 [0m0.447 ms - 176[0m
[0mGET /bower_components/e-styles/e-colors.html [33m404 [0m0.410 ms - 178[0m
[0mGET /bower_components/polymer/polymer-element.html [33m404 [0m0.545 ms - 184[0m
[0mGET /bower_components/app-layout/app-drawer/app-drawer.html [33m404 [0m0.597 ms - 193[0m
[0mGET /bower_components/app-layout/app-drawer-layout/app-drawer-layout.html [33m404 [0m0.453 ms - 207[0m
[0mGET /bower_components/app-layout/app-header/app-header.html [33m404 [0m0.785 ms - 193[0m
[0mGET /bower_components/app-layout/app-header-layout/app-header-layout.html [33m404 [0m0.440 ms - 207[0m
[0mGET /bower_components/app-layout/app-scroll-effects/app-scroll-effects.html [33m404 [0m0.630 ms - 209[0m
[0mGET /bower_components/app-layout/app-toolbar/app-toolbar.html [33m404 [0m1.396 ms - 195[0m
[0mGET /bower_components/app-route/app-location.html [33m404 [0m0.481 ms - 183[0m
[0mGET /bower_components/app-route/app-route.html [33m404 [0m0.895 ms - 180[0m
[0mGET /bower_components/iron-pages/iron-pages.html [33m404 [0m1.392 ms - 182[0m
[0mGET /bower_components/iron-selector/iron-selector.html [33m404 [0m2.437 ms - 188[0m
[0mGET /bower_components/iron-icons/iron-icons.html [33m404 [0m1.467 ms - 182[0m
[0mGET /bower_components/paper-tooltip/paper-tooltip.html [33m404 [0m4.270 ms - 188[0m
[0mGET /bower_components/paper-icon-button/paper-icon-button.html [33m404 [0m2.828 ms - 196[0m
[0mGET /bower_components/iron-iconset-svg/iron-iconset-svg.html [33m404 [0m0.437 ms - 194[0m
[0mGET /bower_components/iron-ajax/iron-ajax.html [33m404 [0m0.416 ms - 180[0m
[0mGET /bower_components/iron-flex-layout/iron-flex-layout.html [33m404 [0m0.676 ms - 194[0m
[0mGET /bower_components/iron-flex-layout/iron-flex-layout-classes.html [33m404 [0m1.258 ms - 202[0m
[0mGET /bower_components/iron-icon/iron-icon.html [33m404 [0m0.404 ms - 180[0m
[0mGET /bower_components/neon-animation/web-animations.html [33m404 [0m0.363 ms - 190[0m
[0mGET /bower_components/neon-animation/animations/scale-up-animation.html [33m404 [0m0.374 ms - 205[0m
[0mGET /bower_components/neon-animation/animations/fade-out-animation.html [33m404 [0m0.408 ms - 205[0m
[0mGET /bower_components/paper-styles/color.html [33m404 [0m0.372 ms - 179[0m
[0mGET /bower_components/paper-styles/shadow.html [33m404 [0m0.547 ms - 180[0m
[0mGET /bower_components/paper-input/paper-input.html [33m404 [0m0.756 ms - 184[0m
[0mGET /bower_components/paper-button/paper-button.html [33m404 [0m1.263 ms - 186[0m
[0mGET /bower_components/paper-dialog/paper-dialog.html [33m404 [0m0.422 ms - 186[0m
[0mGET /bower_components/iron-media-query/iron-media-query.html [33m404 [0m0.399 ms - 194[0m
[0mGET /bower_components/neon-animation/neon-animation.html [33m404 [0m2.389 ms - 190[0m
[0mGET /bower_components/iron-form/iron-form.html [33m404 [0m0.338 ms - 180[0m
[0mGET /service-worker.js [33m404 [0m1.543 ms - 156[0m
[0mGET / [36m304 [0m9.822 ms - -[0m
[0mGET /images/ericsson-logo1.png [33m404 [0m6.865 ms - 164[0m
[0mGET /service-worker.js [33m404 [0m1.289 ms - 156[0m
[0mGET / [36m304 [0m13.921 ms - -[0m
[0mGET /service-worker.js [33m404 [0m4.794 ms - 156[0m
[0mGET / [36m304 [0m9.831 ms - -[0m
[0mGET /service-worker.js [33m404 [0m8.327 ms - 156[0m
[0mGET /manifest.json [33m404 [0m3.792 ms - 152[0m
[0mGET / [36m304 [0m3.398 ms - -[0m
[0mGET /manifest.json [33m404 [0m1.474 ms - 152[0m
[0mGET /service-worker.js [33m404 [0m2.921 ms - 156[0m
[0mGET / [32m200 [0m29.221 ms - -[0m
[0mGET /src/images/manifest/icon-192x192.png [33m404 [0m3.949 ms - 175[0m
[0mGET /src/images/manifest/icon-512x512.png [33m404 [0m1.360 ms - 175[0m
[0mGET /service-worker.js [33m404 [0m1.578 ms - 156[0m
[0mGET / [36m304 [0m7.729 ms - -[0m
[0mGET /src/images/manifest/icon-192x192.png [33m404 [0m5.279 ms - 175[0m
[0mGET /src/images/manifest/icon-512x512.png [33m404 [0m1.356 ms - 175[0m
[0mGET /service-worker.js [33m404 [0m1.831 ms - 156[0m
[0mGET / [33m404 [0m14.090 ms - 274[0m
[0mGET / [32m200 [0m23.340 ms - -[0m
[0mGET /my-app.html [33m404 [0m4.858 ms - 150[0m
[0mGET /manifest.json [33m404 [0m1.815 ms - 152[0m
[0mGET /service-worker.js [33m404 [0m1.148 ms - 156[0m
[0mGET / [33m404 [0m16.110 ms - 278[0m
[0mGET / [32m200 [0m26.832 ms - -[0m
[0mGET /manifest.json [33m404 [0m3.989 ms - 152[0m
[0mGET /service-worker.js [33m404 [0m2.189 ms - 156[0m
[0mGET / [32m200 [0m21.028 ms - -[0m
[0mGET /src/images/manifest/icon-192x192.png [33m404 [0m3.898 ms - 175[0m
[0mGET /src/images/manifest/icon-512x512.png [33m404 [0m1.279 ms - 175[0m
[0mGET /service-worker.js [33m404 [0m1.949 ms - 156[0m
[0mGET /user/social [33m404 [0m1.276 ms - 150[0m
[0mGET /user/social [33m404 [0m1.056 ms - 150[0m
[0mGET /user/social [33m404 [0m0.971 ms - 150[0m
[0mGET /user/social [33m404 [0m1.049 ms - 150[0m
[0mGET /kc [33m404 [0m0.419 ms - 141[0m
[0mGET / [36m304 [0m1.811 ms - -[0m
[0mGET /src/images/manifest/icon-192x192.png [33m404 [0m0.798 ms - 175[0m
[0mGET /src/images/manifest/icon-512x512.png [33m404 [0m0.424 ms - 175[0m
[0mGET /service-worker.js [33m404 [0m0.475 ms - 156[0m
[0mGET /user/social [33m404 [0m0.274 ms - 150[0m
[0mGET /kc [33m404 [0m0.472 ms - 141[0m
[0mGET / [36m304 [0m0.713 ms - -[0m
[0mGET /src/images/manifest/icon-192x192.png [33m404 [0m0.462 ms - 175[0m
[0mGET /src/images/manifest/icon-512x512.png [33m404 [0m0.487 ms - 175[0m
[0mGET /service-worker.js [33m404 [0m0.345 ms - 156[0m
[0mGET / [36m304 [0m0.418 ms - -[0m
[0mGET /src/images/manifest/icon-192x192.png [33m404 [0m1.764 ms - 175[0m
[0mGET /src/images/manifest/icon-512x512.png [33m404 [0m0.310 ms - 175[0m
[0mGET /service-worker.js [33m404 [0m0.417 ms - 156[0m
[0mGET /kc [33m404 [0m4.199 ms - 141[0m
[0mGET /kc [32m200 [0m16.771 ms - -[0m
[0mGET /src/images/manifest/icon-192x192.png [32m200 [0m11.656 ms - -[0m
[0mGET /src/images/manifest/icon-512x512.png [32m200 [0m9.816 ms - -[0m
[0mGET /service-worker.js [32m200 [0m3.711 ms - -[0m
[0mGET /survey-view [32m200 [0m0.927 ms - -[0m
[0mGET /src/images/manifest/icon-192x192.png [36m304 [0m0.921 ms - -[0m
[0mGET /src/images/manifest/icon-512x512.png [36m304 [0m20.195 ms - -[0m
[0mGET /service-worker.js [32m200 [0m2.152 ms - -[0m
[0mGET /kc [36m304 [0m0.727 ms - -[0m
[0mGET /src/images/manifest/icon-192x192.png [36m304 [0m0.918 ms - -[0m
[0mGET /src/images/manifest/icon-512x512.png [36m304 [0m0.456 ms - -[0m
[0mGET /service-worker.js [32m200 [0m2.337 ms - -[0m
